2026-07-05 23:59:23,618 - INFO - Using database: D:\Internship\Bluestocks\data\db\bluestock_mf.db
2026-07-05 23:59:23,621 - INFO - Processing fund_master.csv...
2026-07-05 23:59:23,642 - INFO - Processing nav_history.csv...
2026-07-05 23:59:31,716 - INFO - Processing investor_transactions.csv...
2026-07-05 23:59:32,120 - INFO - Processing scheme_performance.csv...
2026-07-05 23:59:32,202 - INFO - Setting up SQLite database schema...
2026-07-05 23:59:32,364 - INFO - SQLite database schema applied.
2026-07-05 23:59:32,364 - INFO - Loading cleaned DataFrames into SQLite...
2026-07-05 23:59:32,892 - INFO - Verifying row counts...
2026-07-05 23:59:32,893 - INFO - Table dim_fund          : Expected =    40, Database =    40 -> PASSED
2026-07-05 23:59:32,893 - INFO - Table dim_date          : Expected =  1826, Database =  1826 -> PASSED
2026-07-05 23:59:32,895 - INFO - Table fact_nav          : Expected = 73040, Database = 73040 -> PASSED
2026-07-05 23:59:32,895 - INFO - Table fact_transactions : Expected =  5000, Database =  5000 -> PASSED
2026-07-05 23:59:32,896 - INFO - Table fact_performance  : Expected =    40, Database =    40 -> PASSED
2026-07-05 23:59:32,896 - INFO - Table fact_aum          : Expected =    40, Database =    40 -> PASSED
2026-07-05 23:59:32,896 - INFO - Table dim_investor      : Expected =  2000, Database =  2000 -> PASSED
2026-07-05 23:59:32,896 - INFO - Table fact_holdings     : Expected =   191, Database =   191 -> PASSED
2026-07-05 23:59:32,896 - INFO - Table fact_market_stats : Expected =    48, Database =    48 -> PASSED
2026-07-05 23:59:32,896 - INFO - Table fact_aum_growth   : Expected =    32, Database =    32 -> PASSED
2026-07-05 23:59:32,897 - INFO - ETL Pipeline completed successfully. SQLite database matches local schema completely.
